2019-11-17 15:05:00.0651|INFO|Microsoft.Hosting.Lifetime|Now listening on: http://localhost:5000 
2019-11-17 15:05:00.0771|INFO|Microsoft.Hosting.Lifetime|Application started. Press Ctrl+C to shut down. 
2019-11-17 15:05:00.0771|INFO|Microsoft.Hosting.Lifetime|Hosting environment: Development 
2019-11-17 15:05:00.0771|INFO|Microsoft.Hosting.Lifetime|Content root path: F:\学习Demo\DataFeed\src\DataFeed.Finance.WebApi 
2019-11-17 15:05:02.4027|INFO|Microsoft.AspNetCore.Hosting.Diagnostics|Request starting HTTP/1.1 GET http://localhost:5000/swagger/index.html   
2019-11-17 15:05:02.7078|INFO|Microsoft.AspNetCore.Hosting.Diagnostics|Request finished in 305.3711ms 200 text/html;charset=utf-8 
2019-11-17 15:05:02.7563|INFO|Microsoft.AspNetCore.Hosting.Diagnostics|Request starting HTTP/1.1 GET http://localhost:5000/swagger/swagger-ui.css   
2019-11-17 15:05:02.7860|INFO|Microsoft.AspNetCore.Server.Kestrel|Connection id "0HLRB5HR32AP4", Request id "0HLRB5HR32AP4:00000002": the application aborted the connection. 
2019-11-17 15:05:02.7860|INFO|Microsoft.AspNetCore.StaticFiles.StaticFileMiddleware|Sending file. Request path: '/swagger-ui.css'. Physical path: 'N/A' 
2019-11-17 15:05:02.7860|INFO|Microsoft.AspNetCore.Hosting.Diagnostics|Request finished in 30.132900000000003ms 0 text/css 
2019-11-17 15:05:02.8848|INFO|Microsoft.AspNetCore.Hosting.Diagnostics|Request starting HTTP/1.1 GET http://localhost:5000/swagger/favicon-32x32.png   
2019-11-17 15:05:02.8868|INFO|Microsoft.AspNetCore.Server.Kestrel|Connection id "0HLRB5HR32AP5", Request id "0HLRB5HR32AP5:00000001": the application aborted the connection. 
2019-11-17 15:05:02.8868|INFO|Microsoft.AspNetCore.StaticFiles.StaticFileMiddleware|Sending file. Request path: '/favicon-32x32.png'. Physical path: 'N/A' 
2019-11-17 15:05:02.8868|INFO|Microsoft.AspNetCore.Hosting.Diagnostics|Request finished in 2.2192000000000003ms 0 image/png 
2019-11-17 15:05:02.9565|INFO|Microsoft.AspNetCore.Hosting.Diagnostics|Request starting HTTP/1.1 GET http://localhost:5000/swagger/v1/swagger.json   
2019-11-17 15:05:03.1267|INFO|Microsoft.AspNetCore.Hosting.Diagnostics|Request finished in 170.1911ms 200 application/json;charset=utf-8 
2019-11-17 15:05:29.9696|INFO|Microsoft.AspNetCore.Hosting.Diagnostics|Request starting HTTP/1.1 GET http://localhost:5000/api/Stock   
2019-11-17 15:05:29.9696|INFO|Microsoft.AspNetCore.Routing.EndpointMiddleware|Executing endpoint 'DataFeed.Finance.WebApi.Controllers.StockController.GetStockCodeList (DataFeed.Finance.WebApi)' 
2019-11-17 15:05:30.0195|INFO|Microsoft.AspNetCore.Mvc.Infrastructure.ControllerActionInvoker|Route matched with {action = "GetStockCodeList", controller = "Stock"}. Executing controller action with signature DataFeed.Finance.WebApi.Contract.Response.ApiResponse`1[System.Collections.Generic.List`1[DataFeed.Finance.WebApi.Contract.Response.GetStockCodeResponse]] GetStockCodeList(Int32, Int32) on controller DataFeed.Finance.WebApi.Controllers.StockController (DataFeed.Finance.WebApi). 
2019-11-17 15:05:31.1249|INFO|Microsoft.AspNetCore.Mvc.Infrastructure.ObjectResultExecutor|Executing ObjectResult, writing value of type 'DataFeed.Finance.WebApi.Contract.Response.ApiResponse`1[[System.Collections.Generic.List`1[[DataFeed.Finance.WebApi.Contract.Response.GetStockCodeResponse, DataFeed.Finance.WebApi, Version=1.0.0.0, Culture=neutral, PublicKeyToken=null]], System.Private.CoreLib, Version=4.0.0.0, Culture=neutral, PublicKeyToken=7cec85d7bea7798e]]'. 
2019-11-17 15:05:31.1585|INFO|Microsoft.AspNetCore.Mvc.Infrastructure.ControllerActionInvoker|Executed action DataFeed.Finance.WebApi.Controllers.StockController.GetStockCodeList (DataFeed.Finance.WebApi) in 1135.688ms 
2019-11-17 15:05:31.1585|INFO|Microsoft.AspNetCore.Routing.EndpointMiddleware|Executed endpoint 'DataFeed.Finance.WebApi.Controllers.StockController.GetStockCodeList (DataFeed.Finance.WebApi)' 
2019-11-17 15:05:31.1585|INFO|Microsoft.AspNetCore.Hosting.Diagnostics|Request finished in 1189.3621ms 200 application/json; charset=utf-8 
2019-11-17 15:15:22.0323|INFO|Microsoft.Hosting.Lifetime|Now listening on: http://localhost:5000 
2019-11-17 15:15:22.0323|INFO|Microsoft.Hosting.Lifetime|Application started. Press Ctrl+C to shut down. 
2019-11-17 15:15:22.0323|INFO|Microsoft.Hosting.Lifetime|Hosting environment: Development 
2019-11-17 15:15:22.0323|INFO|Microsoft.Hosting.Lifetime|Content root path: F:\学习Demo\DataFeed\src\DataFeed.Finance.WebApi 
2019-11-17 15:15:23.8032|INFO|Microsoft.AspNetCore.Hosting.Diagnostics|Request starting HTTP/1.1 GET http://localhost:5000/swagger/index.html   
2019-11-17 15:15:24.0734|INFO|Microsoft.AspNetCore.Hosting.Diagnostics|Request finished in 271.5904ms 200 text/html;charset=utf-8 
2019-11-17 15:15:24.1324|INFO|Microsoft.AspNetCore.Hosting.Diagnostics|Request starting HTTP/1.1 GET http://localhost:5000/swagger/swagger-ui.css   
2019-11-17 15:15:24.1517|INFO|Microsoft.AspNetCore.Server.Kestrel|Connection id "0HLRB5NKFSC5V", Request id "0HLRB5NKFSC5V:00000002": the application aborted the connection. 
2019-11-17 15:15:24.1520|INFO|Microsoft.AspNetCore.StaticFiles.StaticFileMiddleware|Sending file. Request path: '/swagger-ui.css'. Physical path: 'N/A' 
2019-11-17 15:15:24.1520|INFO|Microsoft.AspNetCore.Hosting.Diagnostics|Request finished in 19.7512ms 0 text/css 
2019-11-17 15:15:24.3106|INFO|Microsoft.AspNetCore.Hosting.Diagnostics|Request starting HTTP/1.1 GET http://localhost:5000/swagger/v1/swagger.json   
2019-11-17 15:15:24.4980|INFO|Microsoft.AspNetCore.Hosting.Diagnostics|Request finished in 187.3306ms 200 application/json;charset=utf-8 
2019-11-17 15:16:09.7915|INFO|Microsoft.Hosting.Lifetime|Now listening on: http://localhost:5000 
2019-11-17 15:16:09.8042|INFO|Microsoft.Hosting.Lifetime|Application started. Press Ctrl+C to shut down. 
2019-11-17 15:16:09.8042|INFO|Microsoft.Hosting.Lifetime|Hosting environment: Development 
2019-11-17 15:16:09.8042|INFO|Microsoft.Hosting.Lifetime|Content root path: F:\学习Demo\DataFeed\src\DataFeed.Finance.WebApi 
2019-11-17 15:16:11.4351|INFO|Microsoft.AspNetCore.Hosting.Diagnostics|Request starting HTTP/1.1 GET http://localhost:5000/swagger/index.html   
2019-11-17 15:16:11.7152|INFO|Microsoft.AspNetCore.Hosting.Diagnostics|Request finished in 281.583ms 200 text/html;charset=utf-8 
2019-11-17 15:16:11.7757|INFO|Microsoft.AspNetCore.Hosting.Diagnostics|Request starting HTTP/1.1 GET http://localhost:5000/swagger/swagger-ui.css   
2019-11-17 15:16:11.7941|INFO|Microsoft.AspNetCore.Server.Kestrel|Connection id "0HLRB5O2MSIE9", Request id "0HLRB5O2MSIE9:00000002": the application aborted the connection. 
2019-11-17 15:16:11.7941|INFO|Microsoft.AspNetCore.StaticFiles.StaticFileMiddleware|Sending file. Request path: '/swagger-ui.css'. Physical path: 'N/A' 
2019-11-17 15:16:11.7941|INFO|Microsoft.AspNetCore.Hosting.Diagnostics|Request finished in 19.2165ms 0 text/css 
2019-11-17 15:16:11.9537|INFO|Microsoft.AspNetCore.Hosting.Diagnostics|Request starting HTTP/1.1 GET http://localhost:5000/swagger/v1/swagger.json   
2019-11-17 15:16:12.1338|INFO|Microsoft.AspNetCore.Hosting.Diagnostics|Request finished in 180.1791ms 200 application/json;charset=utf-8 
2019-11-17 15:17:00.4632|INFO|Microsoft.Hosting.Lifetime|Now listening on: http://localhost:5000 
2019-11-17 15:17:00.4742|INFO|Microsoft.Hosting.Lifetime|Application started. Press Ctrl+C to shut down. 
2019-11-17 15:17:00.4742|INFO|Microsoft.Hosting.Lifetime|Hosting environment: Development 
2019-11-17 15:17:00.4742|INFO|Microsoft.Hosting.Lifetime|Content root path: F:\学习Demo\DataFeed\src\DataFeed.Finance.WebApi 
2019-11-17 15:17:02.0758|INFO|Microsoft.AspNetCore.Hosting.Diagnostics|Request starting HTTP/1.1 GET http://localhost:5000/swagger/index.html   
2019-11-17 15:17:02.3759|INFO|Microsoft.AspNetCore.Hosting.Diagnostics|Request finished in 301.0321ms 200 text/html;charset=utf-8 
2019-11-17 15:17:02.4602|INFO|Microsoft.AspNetCore.Hosting.Diagnostics|Request starting HTTP/1.1 GET http://localhost:5000/swagger/swagger-ui.css   
2019-11-17 15:17:02.4829|INFO|Microsoft.AspNetCore.Server.Kestrel|Connection id "0HLRB5OHO8AHM", Request id "0HLRB5OHO8AHM:00000002": the application aborted the connection. 
2019-11-17 15:17:02.4829|INFO|Microsoft.AspNetCore.StaticFiles.StaticFileMiddleware|Sending file. Request path: '/swagger-ui.css'. Physical path: 'N/A' 
2019-11-17 15:17:02.4829|INFO|Microsoft.AspNetCore.Hosting.Diagnostics|Request finished in 23.386400000000002ms 0 text/css 
2019-11-17 15:17:02.6184|INFO|Microsoft.AspNetCore.Hosting.Diagnostics|Request starting HTTP/1.1 GET http://localhost:5000/swagger/v1/swagger.json   
2019-11-17 15:17:02.7870|INFO|Microsoft.AspNetCore.Hosting.Diagnostics|Request finished in 168.6295ms 200 application/json;charset=utf-8 
2019-11-17 15:17:09.9583|INFO|Microsoft.AspNetCore.Hosting.Diagnostics|Request starting HTTP/1.1 GET http://localhost:5000/api/Stock?marketType=1&subMarketType=2   
2019-11-17 15:17:09.9583|INFO|Microsoft.AspNetCore.Routing.EndpointMiddleware|Executing endpoint 'DataFeed.Finance.WebApi.Controllers.StockController.GetStockCodeList (DataFeed.Finance.WebApi)' 
2019-11-17 15:17:09.9979|INFO|Microsoft.AspNetCore.Mvc.Infrastructure.ControllerActionInvoker|Route matched with {action = "GetStockCodeList", controller = "Stock"}. Executing controller action with signature DataFeed.Finance.WebApi.Contract.Response.ApiResponse`1[System.Collections.Generic.List`1[DataFeed.Finance.WebApi.Contract.Response.GetStockCodeResponse]] GetStockCodeList(Int32, Int32) on controller DataFeed.Finance.WebApi.Controllers.StockController (DataFeed.Finance.WebApi). 
2019-11-17 15:17:10.8007|INFO|Microsoft.AspNetCore.Mvc.Infrastructure.ObjectResultExecutor|Executing ObjectResult, writing value of type 'DataFeed.Finance.WebApi.Contract.Response.ApiResponse`1[[System.Collections.Generic.List`1[[DataFeed.Finance.WebApi.Contract.Response.GetStockCodeResponse, DataFeed.Finance.WebApi, Version=1.0.0.0, Culture=neutral, PublicKeyToken=null]], System.Private.CoreLib, Version=4.0.0.0, Culture=neutral, PublicKeyToken=7cec85d7bea7798e]]'. 
2019-11-17 15:17:10.8192|INFO|Microsoft.AspNetCore.Mvc.Infrastructure.ControllerActionInvoker|Executed action DataFeed.Finance.WebApi.Controllers.StockController.GetStockCodeList (DataFeed.Finance.WebApi) in 817.0447ms 
2019-11-17 15:17:10.8192|INFO|Microsoft.AspNetCore.Routing.EndpointMiddleware|Executed endpoint 'DataFeed.Finance.WebApi.Controllers.StockController.GetStockCodeList (DataFeed.Finance.WebApi)' 
2019-11-17 15:17:10.8192|INFO|Microsoft.AspNetCore.Hosting.Diagnostics|Request finished in 861.2456000000001ms 200 application/json; charset=utf-8 
2019-11-17 15:21:41.3780|INFO|Microsoft.Hosting.Lifetime|Now listening on: http://localhost:5000 
2019-11-17 15:21:41.3911|INFO|Microsoft.Hosting.Lifetime|Application started. Press Ctrl+C to shut down. 
2019-11-17 15:21:41.3911|INFO|Microsoft.Hosting.Lifetime|Hosting environment: Development 
2019-11-17 15:21:41.3911|INFO|Microsoft.Hosting.Lifetime|Content root path: F:\学习Demo\DataFeed\src\DataFeed.Finance.WebApi 
2019-11-17 15:21:43.9837|INFO|Microsoft.AspNetCore.Hosting.Diagnostics|Request starting HTTP/1.1 GET http://localhost:5000/swagger/index.html   
2019-11-17 15:21:44.3243|INFO|Microsoft.AspNetCore.Hosting.Diagnostics|Request finished in 341.454ms 200 text/html;charset=utf-8 
2019-11-17 15:21:44.4173|INFO|Microsoft.AspNetCore.Hosting.Diagnostics|Request starting HTTP/1.1 GET http://localhost:5000/swagger/swagger-ui.css   
2019-11-17 15:21:44.4483|INFO|Microsoft.AspNetCore.Server.Kestrel|Connection id "0HLRB5R5H4A81", Request id "0HLRB5R5H4A81:00000002": the application aborted the connection. 
2019-11-17 15:21:44.4483|INFO|Microsoft.AspNetCore.StaticFiles.StaticFileMiddleware|Sending file. Request path: '/swagger-ui.css'. Physical path: 'N/A' 
2019-11-17 15:21:44.4490|INFO|Microsoft.AspNetCore.Hosting.Diagnostics|Request finished in 31.759300000000003ms 0 text/css 
2019-11-17 15:21:44.5332|INFO|Microsoft.AspNetCore.Hosting.Diagnostics|Request starting HTTP/1.1 GET http://localhost:5000/swagger/favicon-32x32.png   
2019-11-17 15:21:44.5448|INFO|Microsoft.AspNetCore.Server.Kestrel|Connection id "0HLRB5R5H4A82", Request id "0HLRB5R5H4A82:00000001": the application aborted the connection. 
2019-11-17 15:21:44.5448|INFO|Microsoft.AspNetCore.StaticFiles.StaticFileMiddleware|Sending file. Request path: '/favicon-32x32.png'. Physical path: 'N/A' 
2019-11-17 15:21:44.5448|INFO|Microsoft.AspNetCore.Hosting.Diagnostics|Request finished in 11.714500000000001ms 0 image/png 
2019-11-17 15:21:44.5989|INFO|Microsoft.AspNetCore.Hosting.Diagnostics|Request starting HTTP/1.1 GET http://localhost:5000/swagger/v1/swagger.json   
2019-11-17 15:21:44.7825|INFO|Microsoft.AspNetCore.Hosting.Diagnostics|Request finished in 183.655ms 200 application/json;charset=utf-8 
2019-11-17 15:21:52.7652|INFO|Microsoft.AspNetCore.Hosting.Diagnostics|Request starting HTTP/1.1 GET http://localhost:5000/api/Stock?marketType=1&subMarketType=1   
2019-11-17 15:21:52.7652|INFO|Microsoft.AspNetCore.Routing.EndpointMiddleware|Executing endpoint 'DataFeed.Finance.WebApi.Controllers.StockController.GetStockCodeList (DataFeed.Finance.WebApi)' 
2019-11-17 15:21:52.8171|INFO|Microsoft.AspNetCore.Mvc.Infrastructure.ControllerActionInvoker|Route matched with {action = "GetStockCodeList", controller = "Stock"}. Executing controller action with signature DataFeed.Finance.WebApi.Contract.Response.ApiResponse`1[System.Collections.Generic.List`1[DataFeed.Finance.WebApi.Contract.Response.GetStockCodeResponse]] GetStockCodeList(Int32, Int32) on controller DataFeed.Finance.WebApi.Controllers.StockController (DataFeed.Finance.WebApi). 
2019-11-17 15:21:53.7216|INFO|Microsoft.AspNetCore.Mvc.Infrastructure.ObjectResultExecutor|Executing ObjectResult, writing value of type 'DataFeed.Finance.WebApi.Contract.Response.ApiResponse`1[[System.Collections.Generic.List`1[[DataFeed.Finance.WebApi.Contract.Response.GetStockCodeResponse, DataFeed.Finance.WebApi, Version=1.0.0.0, Culture=neutral, PublicKeyToken=null]], System.Private.CoreLib, Version=4.0.0.0, Culture=neutral, PublicKeyToken=7cec85d7bea7798e]]'. 
2019-11-17 15:21:53.7453|INFO|Microsoft.AspNetCore.Mvc.Infrastructure.ControllerActionInvoker|Executed action DataFeed.Finance.WebApi.Controllers.StockController.GetStockCodeList (DataFeed.Finance.WebApi) in 925.2422ms 
2019-11-17 15:21:53.7453|INFO|Microsoft.AspNetCore.Routing.EndpointMiddleware|Executed endpoint 'DataFeed.Finance.WebApi.Controllers.StockController.GetStockCodeList (DataFeed.Finance.WebApi)' 
2019-11-17 15:21:53.7453|INFO|Microsoft.AspNetCore.Hosting.Diagnostics|Request finished in 980.4478ms 200 application/json; charset=utf-8 
