2019-11-29 17:40:21.8363|INFO|Microsoft.AspNetCore.DataProtection.KeyManagement.XmlKeyManager|User profile is available. Using 'C:\Users\XUNZHI\AppData\Local\ASP.NET\DataProtection-Keys' as key repository and Windows DPAPI to encrypt keys at rest. 
2019-11-29 17:40:22.4081|INFO|Microsoft.Hosting.Lifetime|Application started. Press Ctrl+C to shut down. 
2019-11-29 17:40:22.4081|INFO|Microsoft.Hosting.Lifetime|Hosting environment: Development 
2019-11-29 17:40:22.4081|INFO|Microsoft.Hosting.Lifetime|Content root path: E:\test\DataFeed\src\DataFeed.ManageWeb 
2019-11-29 17:40:22.5038|INFO|Microsoft.AspNetCore.Hosting.Diagnostics|Request starting HTTP/1.1 GET http://localhost:54247/   
2019-11-29 17:40:22.5640|INFO|Microsoft.AspNetCore.Authorization.DefaultAuthorizationService|Authorization failed. 
2019-11-29 17:40:22.5997|INFO|Microsoft.AspNetCore.Authentication.Cookies.CookieAuthenticationHandler|AuthenticationScheme: Cookies was challenged. 
2019-11-29 17:40:22.6158|INFO|Microsoft.AspNetCore.Hosting.Diagnostics|Request finished in 112.77860000000001ms 302  
2019-11-29 17:40:22.6642|INFO|Microsoft.AspNetCore.Hosting.Diagnostics|Request starting HTTP/1.1 GET http://localhost:54247/Login?ReturnUrl=%2F   
2019-11-29 17:40:22.6822|INFO|Microsoft.AspNetCore.Routing.EndpointMiddleware|Executing endpoint 'FDataFeed.ManageWeb.Controllers.LoginController.Index (DataFeed.ManageWeb)' 
2019-11-29 17:40:22.7374|INFO|Microsoft.AspNetCore.Mvc.Infrastructure.ControllerActionInvoker|Route matched with {action = "Index", controller = "Login"}. Executing controller action with signature Microsoft.AspNetCore.Mvc.IActionResult Index(System.String) on controller FDataFeed.ManageWeb.Controllers.LoginController (DataFeed.ManageWeb). 
2019-11-29 17:40:22.8811|INFO|DataFeed.ManageWeb.Application.Filter.GlobalActionFilterAttribute|Request Start->RequestPath:Login/Index,ActionArguments:{} 
2019-11-29 17:40:22.9010|INFO|Microsoft.AspNetCore.Authentication.Cookies.CookieAuthenticationHandler|AuthenticationScheme: Cookies signed out. 
2019-11-29 17:40:22.9410|INFO|DataFeed.ManageWeb.Application.Filter.GlobalActionFilterAttribute|Request End->RequestPath:Login/Index,Response:{"StatusCode":null,"ViewName":null,"Model":null,"ViewData":{},"TempData":{},"ViewEngine":null,"ContentType":null} 
2019-11-29 17:40:22.9719|INFO|Microsoft.AspNetCore.Mvc.ViewFeatures.ViewResultExecutor|Executing ViewResult, running view Index. 
2019-11-29 17:40:23.2951|INFO|Microsoft.AspNetCore.Mvc.ViewFeatures.ViewResultExecutor|Executed ViewResult - view Index executed in 326.8858ms. 
2019-11-29 17:40:23.2951|INFO|Microsoft.AspNetCore.Mvc.Infrastructure.ControllerActionInvoker|Executed action FDataFeed.ManageWeb.Controllers.LoginController.Index (DataFeed.ManageWeb) in 558.0236ms 
2019-11-29 17:40:23.2951|INFO|Microsoft.AspNetCore.Routing.EndpointMiddleware|Executed endpoint 'FDataFeed.ManageWeb.Controllers.LoginController.Index (DataFeed.ManageWeb)' 
2019-11-29 17:40:23.2951|INFO|Microsoft.AspNetCore.Hosting.Diagnostics|Request finished in 633.8898ms 200 text/html; charset=utf-8 
2019-11-29 17:40:23.3593|INFO|Microsoft.AspNetCore.Hosting.Diagnostics|Request starting HTTP/1.1 GET http://localhost:54247/lib/layui/css/layui.css   
2019-11-29 17:40:23.3593|INFO|Microsoft.AspNetCore.Hosting.Diagnostics|Request starting HTTP/1.1 GET http://localhost:54247/lib/layui/layui.js   
2019-11-29 17:40:23.3593|INFO|Microsoft.AspNetCore.Hosting.Diagnostics|Request starting HTTP/1.1 GET http://localhost:54247/css/main.css   
2019-11-29 17:40:23.3736|INFO|Microsoft.AspNetCore.Hosting.Diagnostics|Request starting HTTP/1.1 GET http://localhost:54247/js/common.js   
2019-11-29 17:40:23.3736|INFO|Microsoft.AspNetCore.Hosting.Diagnostics|Request starting HTTP/1.1 GET http://localhost:54247/lib/jquery/jquery.unobtrusive-ajax.min.js   
2019-11-29 17:40:23.3736|INFO|Microsoft.AspNetCore.Hosting.Diagnostics|Request starting HTTP/1.1 GET http://localhost:54247/lib/jquery/jquery-1.10.2.min.js   
2019-11-29 17:40:23.4305|INFO|Microsoft.AspNetCore.StaticFiles.StaticFileMiddleware|Sending file. Request path: '/js/common.js'. Physical path: 'E:\test\DataFeed\src\DataFeed.ManageWeb\wwwroot\js\common.js' 
2019-11-29 17:40:23.4305|INFO|Microsoft.AspNetCore.StaticFiles.StaticFileMiddleware|Sending file. Request path: '/lib/jquery/jquery.unobtrusive-ajax.min.js'. Physical path: 'E:\test\DataFeed\src\DataFeed.ManageWeb\wwwroot\lib\jquery\jquery.unobtrusive-ajax.min.js' 
2019-11-29 17:40:23.4305|INFO|Microsoft.AspNetCore.StaticFiles.StaticFileMiddleware|Sending file. Request path: '/lib/layui/layui.js'. Physical path: 'E:\test\DataFeed\src\DataFeed.ManageWeb\wwwroot\lib\layui\layui.js' 
2019-11-29 17:40:23.4305|INFO|Microsoft.AspNetCore.Hosting.Diagnostics|Request finished in 56.6203ms 200 application/javascript 
2019-11-29 17:40:23.4305|INFO|Microsoft.AspNetCore.Hosting.Diagnostics|Request finished in 62.1101ms 200 application/javascript 
2019-11-29 17:40:23.4305|INFO|Microsoft.AspNetCore.Hosting.Diagnostics|Request finished in 56.9392ms 200 application/javascript 
2019-11-29 17:40:23.4305|INFO|Microsoft.AspNetCore.StaticFiles.StaticFileMiddleware|Sending file. Request path: '/css/main.css'. Physical path: 'E:\test\DataFeed\src\DataFeed.ManageWeb\wwwroot\css\main.css' 
2019-11-29 17:40:23.4305|INFO|Microsoft.AspNetCore.Hosting.Diagnostics|Request finished in 63.920700000000004ms 200 text/css 
2019-11-29 17:40:23.4305|INFO|Microsoft.AspNetCore.StaticFiles.StaticFileMiddleware|Sending file. Request path: '/lib/layui/css/layui.css'. Physical path: 'E:\test\DataFeed\src\DataFeed.ManageWeb\wwwroot\lib\layui\css\layui.css' 
2019-11-29 17:40:23.4345|INFO|Microsoft.AspNetCore.Hosting.Diagnostics|Request finished in 75.1701ms 200 text/css 
2019-11-29 17:40:23.4345|INFO|Microsoft.AspNetCore.Hosting.Diagnostics|Request starting HTTP/1.1 GET http://localhost:54247/js/login.js   
2019-11-29 17:40:23.4558|INFO|Microsoft.AspNetCore.StaticFiles.StaticFileMiddleware|Sending file. Request path: '/js/login.js'. Physical path: 'E:\test\DataFeed\src\DataFeed.ManageWeb\wwwroot\js\login.js' 
2019-11-29 17:40:23.4558|INFO|Microsoft.AspNetCore.Hosting.Diagnostics|Request finished in 20.5274ms 200 application/javascript 
2019-11-29 17:40:23.5036|INFO|Microsoft.AspNetCore.StaticFiles.StaticFileMiddleware|Sending file. Request path: '/lib/jquery/jquery-1.10.2.min.js'. Physical path: 'E:\test\DataFeed\src\DataFeed.ManageWeb\wwwroot\lib\jquery\jquery-1.10.2.min.js' 
2019-11-29 17:40:23.5036|INFO|Microsoft.AspNetCore.Hosting.Diagnostics|Request finished in 129.26600000000002ms 200 application/javascript 
2019-11-29 17:40:23.5364|INFO|Microsoft.AspNetCore.Hosting.Diagnostics|Request starting HTTP/1.1 GET http://localhost:54247/lib/layui/lay/modules/form.js   
2019-11-29 17:40:23.5593|INFO|Microsoft.AspNetCore.StaticFiles.StaticFileMiddleware|Sending file. Request path: '/lib/layui/lay/modules/form.js'. Physical path: 'E:\test\DataFeed\src\DataFeed.ManageWeb\wwwroot\lib\layui\lay\modules\form.js' 
2019-11-29 17:40:23.5593|INFO|Microsoft.AspNetCore.Hosting.Diagnostics|Request finished in 22.978ms 200 application/javascript 
2019-11-29 17:40:23.5593|INFO|Microsoft.AspNetCore.Hosting.Diagnostics|Request starting HTTP/1.1 GET http://localhost:54247/favicon.ico   
2019-11-29 17:40:23.5784|INFO|Microsoft.AspNetCore.StaticFiles.StaticFileMiddleware|Sending file. Request path: '/favicon.ico'. Physical path: 'E:\test\DataFeed\src\DataFeed.ManageWeb\wwwroot\favicon.ico' 
2019-11-29 17:40:23.5784|INFO|Microsoft.AspNetCore.Hosting.Diagnostics|Request finished in 9.6549ms 200 image/x-icon 
2019-11-29 17:40:23.6160|INFO|Microsoft.AspNetCore.Hosting.Diagnostics|Request starting HTTP/1.1 GET http://localhost:54247/lib/layui/lay/modules/layer.js   
2019-11-29 17:40:23.6533|INFO|Microsoft.AspNetCore.StaticFiles.StaticFileMiddleware|Sending file. Request path: '/lib/layui/lay/modules/layer.js'. Physical path: 'E:\test\DataFeed\src\DataFeed.ManageWeb\wwwroot\lib\layui\lay\modules\layer.js' 
2019-11-29 17:40:23.6533|INFO|Microsoft.AspNetCore.Hosting.Diagnostics|Request finished in 37.3962ms 200 application/javascript 
2019-11-29 17:40:23.6533|INFO|Microsoft.AspNetCore.Hosting.Diagnostics|Request starting HTTP/1.1 GET http://localhost:54247/lib/layui/css/modules/layer/default/layer.css?v=3.1.1   
2019-11-29 17:40:23.6701|INFO|Microsoft.AspNetCore.StaticFiles.StaticFileMiddleware|Sending file. Request path: '/lib/layui/css/modules/layer/default/layer.css'. Physical path: 'E:\test\DataFeed\src\DataFeed.ManageWeb\wwwroot\lib\layui\css\modules\layer\default\layer.css' 
2019-11-29 17:40:23.6701|INFO|Microsoft.AspNetCore.Hosting.Diagnostics|Request finished in 9.3358ms 200 text/css 
2019-11-29 17:41:36.9321|INFO|Microsoft.AspNetCore.Hosting.Diagnostics|Request starting HTTP/1.1 GET http://localhost:54247/lib/layui/css/modules/layer/default/loading-0.gif   
2019-11-29 17:41:36.9343|INFO|Microsoft.AspNetCore.Hosting.Diagnostics|Request starting HTTP/1.1 POST http://localhost:54247/Login/Index application/x-www-form-urlencoded; charset=UTF-8 243 
2019-11-29 17:41:36.9343|INFO|Microsoft.AspNetCore.StaticFiles.StaticFileMiddleware|Sending file. Request path: '/lib/layui/css/modules/layer/default/loading-0.gif'. Physical path: 'E:\test\DataFeed\src\DataFeed.ManageWeb\wwwroot\lib\layui\css\modules\layer\default\loading-0.gif' 
2019-11-29 17:41:36.9343|INFO|Microsoft.AspNetCore.Hosting.Diagnostics|Request finished in 13.908700000000001ms 200 image/gif 
2019-11-29 17:41:36.9517|INFO|Microsoft.AspNetCore.Routing.EndpointMiddleware|Executing endpoint 'FDataFeed.ManageWeb.Controllers.LoginController.Index (DataFeed.ManageWeb)' 
2019-11-29 17:41:36.9702|INFO|Microsoft.AspNetCore.Mvc.Infrastructure.ControllerActionInvoker|Route matched with {action = "Index", controller = "Login"}. Executing controller action with signature DataFeed.ManageWeb.Application.Models.AjaxResult Index(DataFeed.ManageWeb.Contract.Request.AdminLoginRequest) on controller FDataFeed.ManageWeb.Controllers.LoginController (DataFeed.ManageWeb). 
2019-11-29 17:41:37.0197|INFO|DataFeed.ManageWeb.Application.Filter.GlobalActionFilterAttribute|Request Start->RequestPath:Login/Index,ActionArguments:{"request":{"AdminName":"admin","Password":"123"}} 
2019-11-29 18:10:18.5067|INFO|Microsoft.AspNetCore.DataProtection.KeyManagement.XmlKeyManager|User profile is available. Using 'C:\Users\XUNZHI\AppData\Local\ASP.NET\DataProtection-Keys' as key repository and Windows DPAPI to encrypt keys at rest. 
2019-11-29 18:10:19.1209|INFO|Microsoft.Hosting.Lifetime|Application started. Press Ctrl+C to shut down. 
2019-11-29 18:10:19.1539|INFO|Microsoft.Hosting.Lifetime|Hosting environment: Development 
2019-11-29 18:10:19.1539|INFO|Microsoft.Hosting.Lifetime|Content root path: E:\test\DataFeed\src\DataFeed.ManageWeb 
2019-11-29 18:10:19.2408|INFO|Microsoft.AspNetCore.Hosting.Diagnostics|Request starting HTTP/1.1 GET http://localhost:54247/   
2019-11-29 18:10:19.3171|INFO|Microsoft.AspNetCore.Authorization.DefaultAuthorizationService|Authorization failed. 
2019-11-29 18:10:19.3429|INFO|Microsoft.AspNetCore.Authentication.Cookies.CookieAuthenticationHandler|AuthenticationScheme: Cookies was challenged. 
2019-11-29 18:10:19.3612|INFO|Microsoft.AspNetCore.Hosting.Diagnostics|Request finished in 122.10650000000001ms 302  
2019-11-29 18:10:19.4673|INFO|Microsoft.AspNetCore.Hosting.Diagnostics|Request starting HTTP/1.1 GET http://localhost:54247/Login?ReturnUrl=%2F   
2019-11-29 18:10:19.5082|INFO|Microsoft.AspNetCore.Routing.EndpointMiddleware|Executing endpoint 'FDataFeed.ManageWeb.Controllers.LoginController.Index (DataFeed.ManageWeb)' 
2019-11-29 18:10:19.5758|INFO|Microsoft.AspNetCore.Mvc.Infrastructure.ControllerActionInvoker|Route matched with {action = "Index", controller = "Login"}. Executing controller action with signature Microsoft.AspNetCore.Mvc.IActionResult Index(System.String) on controller FDataFeed.ManageWeb.Controllers.LoginController (DataFeed.ManageWeb). 
2019-11-29 18:10:19.7913|INFO|DataFeed.ManageWeb.Application.Filter.GlobalActionFilterAttribute|Request Start->RequestPath:Login/Index,ActionArguments:{} 
2019-11-29 18:10:19.8394|INFO|Microsoft.AspNetCore.Authentication.Cookies.CookieAuthenticationHandler|AuthenticationScheme: Cookies signed out. 
2019-11-29 18:10:19.9452|INFO|DataFeed.ManageWeb.Application.Filter.GlobalActionFilterAttribute|Request End->RequestPath:Login/Index,Response:{"StatusCode":null,"ViewName":null,"Model":null,"ViewData":{},"TempData":{},"ViewEngine":null,"ContentType":null} 
2019-11-29 18:10:19.9846|INFO|Microsoft.AspNetCore.Mvc.ViewFeatures.ViewResultExecutor|Executing ViewResult, running view Index. 
2019-11-29 18:10:20.4244|INFO|Microsoft.AspNetCore.Mvc.ViewFeatures.ViewResultExecutor|Executed ViewResult - view Index executed in 451.4621ms. 
2019-11-29 18:10:20.4244|INFO|Microsoft.AspNetCore.Mvc.Infrastructure.ControllerActionInvoker|Executed action FDataFeed.ManageWeb.Controllers.LoginController.Index (DataFeed.ManageWeb) in 848.9885ms 
2019-11-29 18:10:20.4244|INFO|Microsoft.AspNetCore.Routing.EndpointMiddleware|Executed endpoint 'FDataFeed.ManageWeb.Controllers.LoginController.Index (DataFeed.ManageWeb)' 
2019-11-29 18:10:20.4244|INFO|Microsoft.AspNetCore.Hosting.Diagnostics|Request finished in 960.3461000000001ms 200 text/html; charset=utf-8 
2019-11-29 18:10:24.2320|INFO|Microsoft.AspNetCore.Hosting.Diagnostics|Request starting HTTP/1.1 GET http://localhost:54247/Login?ReturnUrl=%2F   
2019-11-29 18:10:24.2320|INFO|Microsoft.AspNetCore.Routing.EndpointMiddleware|Executing endpoint 'FDataFeed.ManageWeb.Controllers.LoginController.Index (DataFeed.ManageWeb)' 
2019-11-29 18:10:24.2320|INFO|Microsoft.AspNetCore.Mvc.Infrastructure.ControllerActionInvoker|Route matched with {action = "Index", controller = "Login"}. Executing controller action with signature Microsoft.AspNetCore.Mvc.IActionResult Index(System.String) on controller FDataFeed.ManageWeb.Controllers.LoginController (DataFeed.ManageWeb). 
2019-11-29 18:10:24.2530|INFO|DataFeed.ManageWeb.Application.Filter.GlobalActionFilterAttribute|Request Start->RequestPath:Login/Index,ActionArguments:{} 
2019-11-29 18:10:24.2530|INFO|Microsoft.AspNetCore.Authentication.Cookies.CookieAuthenticationHandler|AuthenticationScheme: Cookies signed out. 
2019-11-29 18:10:24.2530|INFO|DataFeed.ManageWeb.Application.Filter.GlobalActionFilterAttribute|Request End->RequestPath:Login/Index,Response:{"StatusCode":null,"ViewName":null,"Model":null,"ViewData":{},"TempData":{},"ViewEngine":null,"ContentType":null} 
2019-11-29 18:10:24.2530|INFO|Microsoft.AspNetCore.Mvc.ViewFeatures.ViewResultExecutor|Executing ViewResult, running view Index. 
2019-11-29 18:10:24.2736|INFO|Microsoft.AspNetCore.Mvc.ViewFeatures.ViewResultExecutor|Executed ViewResult - view Index executed in 19.1603ms. 
2019-11-29 18:10:24.2736|INFO|Microsoft.AspNetCore.Mvc.Infrastructure.ControllerActionInvoker|Executed action FDataFeed.ManageWeb.Controllers.LoginController.Index (DataFeed.ManageWeb) in 29.292900000000003ms 
2019-11-29 18:10:24.2736|INFO|Microsoft.AspNetCore.Routing.EndpointMiddleware|Executed endpoint 'FDataFeed.ManageWeb.Controllers.LoginController.Index (DataFeed.ManageWeb)' 
2019-11-29 18:10:24.2736|INFO|Microsoft.AspNetCore.Hosting.Diagnostics|Request finished in 42.1995ms 200 text/html; charset=utf-8 
2019-11-29 18:10:24.3020|INFO|Microsoft.AspNetCore.Hosting.Diagnostics|Request starting HTTP/1.1 GET http://localhost:54247/lib/layui/css/layui.css   
2019-11-29 18:10:24.3020|INFO|Microsoft.AspNetCore.Hosting.Diagnostics|Request starting HTTP/1.1 GET http://localhost:54247/css/main.css   
2019-11-29 18:10:24.3098|INFO|Microsoft.AspNetCore.Hosting.Diagnostics|Request starting HTTP/1.1 GET http://localhost:54247/lib/jquery/jquery-1.10.2.min.js   
2019-11-29 18:10:24.3098|INFO|Microsoft.AspNetCore.Hosting.Diagnostics|Request starting HTTP/1.1 GET http://localhost:54247/lib/jquery/jquery.unobtrusive-ajax.min.js   
2019-11-29 18:10:24.3098|INFO|Microsoft.AspNetCore.Hosting.Diagnostics|Request starting HTTP/1.1 GET http://localhost:54247/lib/layui/layui.js   
2019-11-29 18:10:24.3098|INFO|Microsoft.AspNetCore.Hosting.Diagnostics|Request starting HTTP/1.1 GET http://localhost:54247/js/common.js   
2019-11-29 18:10:24.3401|INFO|Microsoft.AspNetCore.StaticFiles.StaticFileMiddleware|Sending file. Request path: '/css/main.css'. Physical path: 'E:\test\DataFeed\src\DataFeed.ManageWeb\wwwroot\css\main.css' 
2019-11-29 18:10:24.3401|INFO|Microsoft.AspNetCore.Hosting.Diagnostics|Request finished in 31.698700000000002ms 200 text/css 
2019-11-29 18:10:24.3401|INFO|Microsoft.AspNetCore.StaticFiles.StaticFileMiddleware|Sending file. Request path: '/js/common.js'. Physical path: 'E:\test\DataFeed\src\DataFeed.ManageWeb\wwwroot\js\common.js' 
2019-11-29 18:10:24.3401|INFO|Microsoft.AspNetCore.Hosting.Diagnostics|Request finished in 29.0043ms 200 application/javascript 
2019-11-29 18:10:24.3966|INFO|Microsoft.AspNetCore.Hosting.Diagnostics|Request starting HTTP/1.1 GET http://localhost:54247/js/login.js   
2019-11-29 18:10:24.4473|INFO|Microsoft.AspNetCore.StaticFiles.StaticFileMiddleware|Sending file. Request path: '/js/login.js'. Physical path: 'E:\test\DataFeed\src\DataFeed.ManageWeb\wwwroot\js\login.js' 
2019-11-29 18:10:24.4473|INFO|Microsoft.AspNetCore.StaticFiles.StaticFileMiddleware|Sending file. Request path: '/lib/jquery/jquery.unobtrusive-ajax.min.js'. Physical path: 'E:\test\DataFeed\src\DataFeed.ManageWeb\wwwroot\lib\jquery\jquery.unobtrusive-ajax.min.js' 
2019-11-29 18:10:24.4473|INFO|Microsoft.AspNetCore.Hosting.Diagnostics|Request finished in 50.737ms 200 application/javascript 
2019-11-29 18:10:24.4473|INFO|Microsoft.AspNetCore.Hosting.Diagnostics|Request finished in 134.6728ms 200 application/javascript 
2019-11-29 18:10:24.4558|INFO|Microsoft.AspNetCore.StaticFiles.StaticFileMiddleware|Sending file. Request path: '/lib/layui/layui.js'. Physical path: 'E:\test\DataFeed\src\DataFeed.ManageWeb\wwwroot\lib\layui\layui.js' 
2019-11-29 18:10:24.4558|INFO|Microsoft.AspNetCore.Hosting.Diagnostics|Request finished in 142.621ms 200 application/javascript 
2019-11-29 18:10:24.4558|INFO|Microsoft.AspNetCore.StaticFiles.StaticFileMiddleware|Sending file. Request path: '/lib/layui/css/layui.css'. Physical path: 'E:\test\DataFeed\src\DataFeed.ManageWeb\wwwroot\lib\layui\css\layui.css' 
2019-11-29 18:10:24.4558|INFO|Microsoft.AspNetCore.Hosting.Diagnostics|Request finished in 158.8015ms 200 text/css 
2019-11-29 18:10:24.5038|INFO|Microsoft.AspNetCore.StaticFiles.StaticFileMiddleware|Sending file. Request path: '/lib/jquery/jquery-1.10.2.min.js'. Physical path: 'E:\test\DataFeed\src\DataFeed.ManageWeb\wwwroot\lib\jquery\jquery-1.10.2.min.js' 
2019-11-29 18:10:24.5038|INFO|Microsoft.AspNetCore.Hosting.Diagnostics|Request finished in 194.0141ms 200 application/javascript 
2019-11-29 18:10:24.5541|INFO|Microsoft.AspNetCore.Hosting.Diagnostics|Request starting HTTP/1.1 GET http://localhost:54247/lib/layui/lay/modules/form.js   
2019-11-29 18:10:24.5541|INFO|Microsoft.AspNetCore.StaticFiles.StaticFileMiddleware|Sending file. Request path: '/lib/layui/lay/modules/form.js'. Physical path: 'E:\test\DataFeed\src\DataFeed.ManageWeb\wwwroot\lib\layui\lay\modules\form.js' 
2019-11-29 18:10:24.5541|INFO|Microsoft.AspNetCore.Hosting.Diagnostics|Request finished in 2.5318ms 200 application/javascript 
2019-11-29 18:10:24.5736|INFO|Microsoft.AspNetCore.Hosting.Diagnostics|Request starting HTTP/1.1 GET http://localhost:54247/favicon.ico   
2019-11-29 18:10:24.5757|INFO|Microsoft.AspNetCore.StaticFiles.StaticFileMiddleware|Sending file. Request path: '/favicon.ico'. Physical path: 'E:\test\DataFeed\src\DataFeed.ManageWeb\wwwroot\favicon.ico' 
2019-11-29 18:10:24.5757|INFO|Microsoft.AspNetCore.Hosting.Diagnostics|Request finished in 2.1233ms 200 image/x-icon 
2019-11-29 18:10:24.5926|INFO|Microsoft.AspNetCore.Hosting.Diagnostics|Request starting HTTP/1.1 GET http://localhost:54247/lib/layui/lay/modules/layer.js   
2019-11-29 18:10:25.2243|INFO|Microsoft.AspNetCore.StaticFiles.StaticFileMiddleware|Sending file. Request path: '/lib/layui/lay/modules/layer.js'. Physical path: 'E:\test\DataFeed\src\DataFeed.ManageWeb\wwwroot\lib\layui\lay\modules\layer.js' 
2019-11-29 18:10:25.2243|INFO|Microsoft.AspNetCore.Hosting.Diagnostics|Request finished in 631.7142ms 200 application/javascript 
2019-11-29 18:10:25.2243|INFO|Microsoft.AspNetCore.Hosting.Diagnostics|Request starting HTTP/1.1 GET http://localhost:54247/lib/layui/css/modules/layer/default/layer.css?v=3.1.1   
2019-11-29 18:10:25.2421|INFO|Microsoft.AspNetCore.StaticFiles.StaticFileMiddleware|Sending file. Request path: '/lib/layui/css/modules/layer/default/layer.css'. Physical path: 'E:\test\DataFeed\src\DataFeed.ManageWeb\wwwroot\lib\layui\css\modules\layer\default\layer.css' 
2019-11-29 18:10:25.2421|INFO|Microsoft.AspNetCore.Hosting.Diagnostics|Request finished in 11.395100000000001ms 200 text/css 
2019-11-29 18:10:27.1311|INFO|Microsoft.AspNetCore.Hosting.Diagnostics|Request starting HTTP/1.1 POST http://localhost:54247/Login/Index application/x-www-form-urlencoded; charset=UTF-8 243 
2019-11-29 18:10:27.1311|INFO|Microsoft.AspNetCore.Routing.EndpointMiddleware|Executing endpoint 'FDataFeed.ManageWeb.Controllers.LoginController.Index (DataFeed.ManageWeb)' 
2019-11-29 18:10:27.1407|INFO|Microsoft.AspNetCore.Mvc.Infrastructure.ControllerActionInvoker|Route matched with {action = "Index", controller = "Login"}. Executing controller action with signature DataFeed.ManageWeb.Application.Models.AjaxResult Index(DataFeed.ManageWeb.Contract.Request.AdminLoginRequest) on controller FDataFeed.ManageWeb.Controllers.LoginController (DataFeed.ManageWeb). 
2019-11-29 18:10:27.1767|INFO|DataFeed.ManageWeb.Application.Filter.GlobalActionFilterAttribute|Request Start->RequestPath:Login/Index,ActionArguments:{"request":{"AdminName":"admin","Password":"123"}} 
